<?xml version="1.0" encoding="UTF-8"?>
<testsuites name="jest tests" tests="3" failures="0" errors="0" time="0.563">
  <testsuite name="Smoke Test" errors="0" failures="0" skipped="0" timestamp="2025-08-16T09:35:11" time="0.302" tests="3">
    <testcase classname="Smoke Test should pass basic arithmetic" name="Smoke Test should pass basic arithmetic" time="0.001">
    </testcase>
    <testcase classname="Smoke Test should handle async operations" name="Smoke Test should handle async operations" time="0">
    </testcase>
    <testcase classname="Smoke Test should verify environment" name="Smoke Test should verify environment" time="0.001">
    </testcase>
  </testsuite>
</testsuites>